<?xml version="1.0" encoding="UTF-8"?>
<!-- Generated by org.testng.reporters.JUnitReportReporter -->
<testsuite hostname="BLRSFLT195" failures="0" tests="4" name="org.chaterls.MultipleLoginCredentials" time="97.370" errors="0" timestamp="27 Oct 2022 05:22:47 GMT" skipped="0">
  <testcase classname="org.chaterls.MultipleLoginCredentials" name="credentials" time="20.843"/>
  <testcase classname="org.chaterls.MultipleLoginCredentials" name="credentials" time="34.812"/>
  <testcase classname="org.chaterls.MultipleLoginCredentials" name="credentials" time="21.212"/>
  <testcase classname="org.chaterls.MultipleLoginCredentials" name="credentials" time="20.503"/>
</testsuite> <!-- org.chaterls.MultipleLoginCredentials -->
