<?xml version="1.0" encoding="UTF-8"?>
<!-- Generated by org.testng.reporters.JUnitReportReporter -->
<testsuite hostname="BLRSFLT195" failures="0" tests="5" name="org.chaterls.ProductPurchase" time="44.557" errors="0" timestamp="02 Dec 2022 12:32:02 GMT" skipped="2">
  <testcase classname="org.chaterls.ProductPurchase" name="login1" time="6.062"/>
  <testcase classname="org.chaterls.ProductPurchase" name="credentials" time="11.360"/>
  <testcase classname="org.chaterls.ProductPurchase" name="productSelecting" time="27.135"/>
  <testcase classname="org.chaterls.ProductPurchase" name="checkoutWorks">
    <skipped/>
  </testcase> <!-- checkoutWorks -->
  <testcase classname="org.chaterls.ProductPurchase" name="paymentTypes">
    <skipped/>
  </testcase> <!-- paymentTypes -->
</testsuite> <!-- org.chaterls.ProductPurchase -->
