<?xml version="1.0" encoding="UTF-8"?>
<!-- Generated by org.testng.reporters.JUnitReportReporter -->
<testsuite hostname="BLRSFLT195" failures="0" tests="9" name="org.chaterls.UserPersonalFunctionalities" time="34.544" errors="0" timestamp="09 Nov 2022 05:44:21 GMT" skipped="6">
  <testcase classname="org.chaterls.UserPersonalFunctionalities" name="prework" time="6.728"/>
  <testcase classname="org.chaterls.UserPersonalFunctionalities" name="login" time="14.581"/>
  <testcase classname="org.chaterls.UserPersonalFunctionalities" name="newsLetterSubscription" time="13.235"/>
  <testcase classname="org.chaterls.UserPersonalFunctionalities" name="storeCredit">
    <skipped/>
  </testcase> <!-- storeCredit -->
  <testcase classname="org.chaterls.UserPersonalFunctionalities" name="myOrders">
    <skipped/>
  </testcase> <!-- myOrders -->
  <testcase classname="org.chaterls.UserPersonalFunctionalities" name="addressBook">
    <skipped/>
  </testcase> <!-- addressBook -->
  <testcase classname="org.chaterls.UserPersonalFunctionalities" name="accountInformation">
    <skipped/>
  </testcase> <!-- accountInformation -->
  <testcase classname="org.chaterls.UserPersonalFunctionalities" name="myAccount">
    <skipped/>
  </testcase> <!-- myAccount -->
  <testcase classname="org.chaterls.UserPersonalFunctionalities" name="myWishList">
    <skipped/>
  </testcase> <!-- myWishList -->
</testsuite> <!-- org.chaterls.UserPersonalFunctionalities -->
